11/10/20 11:33:53: editor.scss - Undefined variable $primary-color: /Users/jaap/Dropbox/FANAGALO/Local Sites/eiklinde/app/public/wp-content/themes/eiklinde-fngl-2021/scss/1-global-variables/_colors.scss on line 25, at column 5
Call Stack:
#0 import /Users/jaap/Dropbox/FANAGALO/Local Sites/eiklinde/app/public/wp-content/themes/eiklinde-fngl-2021/scss/1-global-variables/_colors.scss /Users/jaap/Dropbox/FANAGALO/Local Sites/eiklinde/app/public/wp-content/themes/eiklinde-fngl-2021/scss/editor.scss on line 5
11/10/20 11:33:53: style.scss - Undefined variable $primary-color: /Users/jaap/Dropbox/FANAGALO/Local Sites/eiklinde/app/public/wp-content/themes/eiklinde-fngl-2021/scss/1-global-variables/_colors.scss on line 25, at column 5
Call Stack:
#0 import /Users/jaap/Dropbox/FANAGALO/Local Sites/eiklinde/app/public/wp-content/themes/eiklinde-fngl-2021/scss/1-global-variables/_colors.scss /Users/jaap/Dropbox/FANAGALO/Local Sites/eiklinde/app/public/wp-content/themes/eiklinde-fngl-2021/scss/style.scss on line 30
#1 import /Users/jaap/Dropbox/FANAGALO/Local Sites/eiklinde/app/public/wp-content/themes/eiklinde-fngl-2021/scss/1-global-variables/_colors.scss /Users/jaap/Dropbox/FANAGALO/Local Sites/eiklinde/app/public/wp-content/themes/eiklinde-fngl-2021/scss/editor.scss on line 5
11/11/20 4:22:42: style.scss - parse error: failed at `ba` /Users/jaap/Dropbox/FANAGALO/Local Sites/eiklinde/app/public/wp-content/themes/eiklinde-fngl-2021/scss/6-styled-components/612-section-parts/_navigation-secondary.scss on line 29, at column 9
11/11/20 4:22:47: style.scss - parse error: failed at `ba` /Users/jaap/Dropbox/FANAGALO/Local Sites/eiklinde/app/public/wp-content/themes/eiklinde-fngl-2021/scss/6-styled-components/612-section-parts/_navigation-secondary.scss on line 29, at column 9
11/11/20 4:22:54: style.scss - parse error: failed at `ba` /Users/jaap/Dropbox/FANAGALO/Local Sites/eiklinde/app/public/wp-content/themes/eiklinde-fngl-2021/scss/6-styled-components/612-section-parts/_navigation-secondary.scss on line 29, at column 9
11/17/20 10:08:43: editor.scss - Undefined mixin paragraph-styling: /Users/jaap/Dropbox/FANAGALO/Local Sites/eiklinde/app/public/wp-content/themes/eiklinde-fngl-2021/scss/9-editor-only/_editor-specific.scss on line 19, at column 5
Call Stack:
#0 import /Users/jaap/Dropbox/FANAGALO/Local Sites/eiklinde/app/public/wp-content/themes/eiklinde-fngl-2021/scss/9-editor-only/_editor-specific.scss /Users/jaap/Dropbox/FANAGALO/Local Sites/eiklinde/app/public/wp-content/themes/eiklinde-fngl-2021/scss/editor.scss on line 76
11/17/20 10:08:48: editor.scss - Undefined mixin paragraph-styling: /Users/jaap/Dropbox/FANAGALO/Local Sites/eiklinde/app/public/wp-content/themes/eiklinde-fngl-2021/scss/9-editor-only/_editor-specific.scss on line 19, at column 5
Call Stack:
#0 import /Users/jaap/Dropbox/FANAGALO/Local Sites/eiklinde/app/public/wp-content/themes/eiklinde-fngl-2021/scss/9-editor-only/_editor-specific.scss /Users/jaap/Dropbox/FANAGALO/Local Sites/eiklinde/app/public/wp-content/themes/eiklinde-fngl-2021/scss/editor.scss on line 76
11/17/20 10:08:48: editor.scss - Undefined mixin paragraph-styling: /Users/jaap/Dropbox/FANAGALO/Local Sites/eiklinde/app/public/wp-content/themes/eiklinde-fngl-2021/scss/9-editor-only/_editor-specific.scss on line 19, at column 5
Call Stack:
#0 import /Users/jaap/Dropbox/FANAGALO/Local Sites/eiklinde/app/public/wp-content/themes/eiklinde-fngl-2021/scss/9-editor-only/_editor-specific.scss /Users/jaap/Dropbox/FANAGALO/Local Sites/eiklinde/app/public/wp-content/themes/eiklinde-fngl-2021/scss/editor.scss on line 76
11/17/20 10:09:10: editor.scss - Undefined mixin paragraph-styling: /Users/jaap/Dropbox/FANAGALO/Local Sites/eiklinde/app/public/wp-content/themes/eiklinde-fngl-2021/scss/9-editor-only/_editor-specific.scss on line 19, at column 5
Call Stack:
#0 import /Users/jaap/Dropbox/FANAGALO/Local Sites/eiklinde/app/public/wp-content/themes/eiklinde-fngl-2021/scss/9-editor-only/_editor-specific.scss /Users/jaap/Dropbox/FANAGALO/Local Sites/eiklinde/app/public/wp-content/themes/eiklinde-fngl-2021/scss/editor.scss on line 76
11/17/20 10:10:43: editor.scss - Undefined mixin paragraph-styling: /Users/jaap/Dropbox/FANAGALO/Local Sites/eiklinde/app/public/wp-content/themes/eiklinde-fngl-2021/scss/9-editor-only/_editor-specific.scss on line 19, at column 5
Call Stack:
#0 import /Users/jaap/Dropbox/FANAGALO/Local Sites/eiklinde/app/public/wp-content/themes/eiklinde-fngl-2021/scss/9-editor-only/_editor-specific.scss /Users/jaap/Dropbox/FANAGALO/Local Sites/eiklinde/app/public/wp-content/themes/eiklinde-fngl-2021/scss/editor.scss on line 76
11/17/20 10:10:46: editor.scss - Undefined mixin paragraph-styling: /Users/jaap/Dropbox/FANAGALO/Local Sites/eiklinde/app/public/wp-content/themes/eiklinde-fngl-2021/scss/9-editor-only/_editor-specific.scss on line 19, at column 5
Call Stack:
#0 import /Users/jaap/Dropbox/FANAGALO/Local Sites/eiklinde/app/public/wp-content/themes/eiklinde-fngl-2021/scss/9-editor-only/_editor-specific.scss /Users/jaap/Dropbox/FANAGALO/Local Sites/eiklinde/app/public/wp-content/themes/eiklinde-fngl-2021/scss/editor.scss on line 76
11/17/20 10:10:46: editor.scss - Undefined mixin paragraph-styling: /Users/jaap/Dropbox/FANAGALO/Local Sites/eiklinde/app/public/wp-content/themes/eiklinde-fngl-2021/scss/9-editor-only/_editor-specific.scss on line 19, at column 5
Call Stack:
#0 import /Users/jaap/Dropbox/FANAGALO/Local Sites/eiklinde/app/public/wp-content/themes/eiklinde-fngl-2021/scss/9-editor-only/_editor-specific.scss /Users/jaap/Dropbox/FANAGALO/Local Sites/eiklinde/app/public/wp-content/themes/eiklinde-fngl-2021/scss/editor.scss on line 76
11/17/20 10:11:00: editor.scss - Undefined mixin paragraph-styling: /Users/jaap/Dropbox/FANAGALO/Local Sites/eiklinde/app/public/wp-content/themes/eiklinde-fngl-2021/scss/9-editor-only/_editor-specific.scss on line 19, at column 5
Call Stack:
#0 import /Users/jaap/Dropbox/FANAGALO/Local Sites/eiklinde/app/public/wp-content/themes/eiklinde-fngl-2021/scss/9-editor-only/_editor-specific.scss /Users/jaap/Dropbox/FANAGALO/Local Sites/eiklinde/app/public/wp-content/themes/eiklinde-fngl-2021/scss/editor.scss on line 76
11/17/20 10:11:00: editor.scss - Undefined mixin paragraph-styling: /Users/jaap/Dropbox/FANAGALO/Local Sites/eiklinde/app/public/wp-content/themes/eiklinde-fngl-2021/scss/9-editor-only/_editor-specific.scss on line 19, at column 5
Call Stack:
#0 import /Users/jaap/Dropbox/FANAGALO/Local Sites/eiklinde/app/public/wp-content/themes/eiklinde-fngl-2021/scss/9-editor-only/_editor-specific.scss /Users/jaap/Dropbox/FANAGALO/Local Sites/eiklinde/app/public/wp-content/themes/eiklinde-fngl-2021/scss/editor.scss on line 76
11/17/20 10:11:37: editor.scss - Undefined mixin paragraph-styling: /Users/jaap/Dropbox/FANAGALO/Local Sites/eiklinde/app/public/wp-content/themes/eiklinde-fngl-2021/scss/9-editor-only/_editor-specific.scss on line 19, at column 5
Call Stack:
#0 import /Users/jaap/Dropbox/FANAGALO/Local Sites/eiklinde/app/public/wp-content/themes/eiklinde-fngl-2021/scss/9-editor-only/_editor-specific.scss /Users/jaap/Dropbox/FANAGALO/Local Sites/eiklinde/app/public/wp-content/themes/eiklinde-fngl-2021/scss/editor.scss on line 76
11/17/20 10:11:37: editor.scss - Undefined mixin paragraph-styling: /Users/jaap/Dropbox/FANAGALO/Local Sites/eiklinde/app/public/wp-content/themes/eiklinde-fngl-2021/scss/9-editor-only/_editor-specific.scss on line 19, at column 5
Call Stack:
#0 import /Users/jaap/Dropbox/FANAGALO/Local Sites/eiklinde/app/public/wp-content/themes/eiklinde-fngl-2021/scss/9-editor-only/_editor-specific.scss /Users/jaap/Dropbox/FANAGALO/Local Sites/eiklinde/app/public/wp-content/themes/eiklinde-fngl-2021/scss/editor.scss on line 76
11/17/20 10:11:46: editor.scss - Undefined mixin paragraph-styling: /Users/jaap/Dropbox/FANAGALO/Local Sites/eiklinde/app/public/wp-content/themes/eiklinde-fngl-2021/scss/9-editor-only/_editor-specific.scss on line 19, at column 5
Call Stack:
#0 import /Users/jaap/Dropbox/FANAGALO/Local Sites/eiklinde/app/public/wp-content/themes/eiklinde-fngl-2021/scss/9-editor-only/_editor-specific.scss /Users/jaap/Dropbox/FANAGALO/Local Sites/eiklinde/app/public/wp-content/themes/eiklinde-fngl-2021/scss/editor.scss on line 76
11/17/20 10:11:54: editor.scss - Undefined mixin paragraph-styling: /Users/jaap/Dropbox/FANAGALO/Local Sites/eiklinde/app/public/wp-content/themes/eiklinde-fngl-2021/scss/9-editor-only/_editor-specific.scss on line 19, at column 5
Call Stack:
#0 import /Users/jaap/Dropbox/FANAGALO/Local Sites/eiklinde/app/public/wp-content/themes/eiklinde-fngl-2021/scss/9-editor-only/_editor-specific.scss /Users/jaap/Dropbox/FANAGALO/Local Sites/eiklinde/app/public/wp-content/themes/eiklinde-fngl-2021/scss/editor.scss on line 76
11/17/20 10:13:58: editor.scss - Undefined mixin paragraph-styling: /Users/jaap/Dropbox/FANAGALO/Local Sites/eiklinde/app/public/wp-content/themes/eiklinde-fngl-2021/scss/9-editor-only/_editor-specific.scss on line 19, at column 5
Call Stack:
#0 import /Users/jaap/Dropbox/FANAGALO/Local Sites/eiklinde/app/public/wp-content/themes/eiklinde-fngl-2021/scss/9-editor-only/_editor-specific.scss /Users/jaap/Dropbox/FANAGALO/Local Sites/eiklinde/app/public/wp-content/themes/eiklinde-fngl-2021/scss/editor.scss on line 76
11/17/20 1:26:54: style.scss - `6-styled-components/640-shortcodes/_fngl_recent_blocks.scss` file not found for @import: /Users/jaap/Dropbox/FANAGALO/Local Sites/eiklinde/app/public/wp-content/themes/eiklinde-fngl-2021/scss/style.scss on line 212, at column 1
11/17/20 1:27:05: style.scss - `6-styled-components/640-shortcodes/_fngl_recent_blocks.scss` file not found for @import: /Users/jaap/Dropbox/FANAGALO/Local Sites/eiklinde/app/public/wp-content/themes/eiklinde-fngl-2021/scss/style.scss on line 212, at column 1
11/17/20 1:27:25: style.scss - `6-styled-components/640-shortcodes/_fngl_recent_blocks.scss` file not found for @import: /Users/jaap/Dropbox/FANAGALO/Local Sites/eiklinde/app/public/wp-content/themes/eiklinde-fngl-2021/scss/style.scss on line 212, at column 1
11/18/20 4:21:56: style.scss - `6-styled-components/601-general-components/_extras.scss` file not found for @import: /Users/jaap/Dropbox/FANAGALO/Local Sites/eiklinde/app/public/wp-content/themes/eiklinde-fngl-2021/scss/style.scss on line 100, at column 1
11/18/20 4:51:47: style.scss - `6-styled-components/601-general-components/_widget.scss` file not found for @import: /Users/jaap/Dropbox/FANAGALO/Local Sites/eiklinde/app/public/wp-content/themes/eiklinde-fngl-2021/scss/style.scss on line 98, at column 1
11/18/20 4:51:47: even-geen-editor.scss - `6-styled-components/601-general-components/_widget.scss` file not found for @import: /Users/jaap/Dropbox/FANAGALO/Local Sites/eiklinde/app/public/wp-content/themes/eiklinde-fngl-2021/scss/even-geen-editor.scss on line 32, at column 5
11/18/20 4:53:47: style.scss - `6-styled-components/601-general-components/_widget.scss` file not found for @import: /Users/jaap/Dropbox/FANAGALO/Local Sites/eiklinde/app/public/wp-content/themes/eiklinde-fngl-2021/scss/style.scss on line 98, at column 1
11/18/20 4:53:47: even-geen-editor.scss - `6-styled-components/601-general-components/_widget.scss` file not found for @import: /Users/jaap/Dropbox/FANAGALO/Local Sites/eiklinde/app/public/wp-content/themes/eiklinde-fngl-2021/scss/even-geen-editor.scss on line 32, at column 5
11/18/20 4:55:09: style.scss - `6-styled-components/601-general-components/_widget.scss` file not found for @import: /Users/jaap/Dropbox/FANAGALO/Local Sites/eiklinde/app/public/wp-content/themes/eiklinde-fngl-2021/scss/style.scss on line 98, at column 1
11/18/20 4:55:09: even-geen-editor.scss - `6-styled-components/601-general-components/_widget.scss` file not found for @import: /Users/jaap/Dropbox/FANAGALO/Local Sites/eiklinde/app/public/wp-content/themes/eiklinde-fngl-2021/scss/even-geen-editor.scss on line 32, at column 5
11/18/20 4:55:11: style.scss - `6-styled-components/601-general-components/_widget.scss` file not found for @import: /Users/jaap/Dropbox/FANAGALO/Local Sites/eiklinde/app/public/wp-content/themes/eiklinde-fngl-2021/scss/style.scss on line 98, at column 1
11/18/20 4:55:11: even-geen-editor.scss - `6-styled-components/601-general-components/_widget.scss` file not found for @import: /Users/jaap/Dropbox/FANAGALO/Local Sites/eiklinde/app/public/wp-content/themes/eiklinde-fngl-2021/scss/even-geen-editor.scss on line 32, at column 5
11/18/20 4:55:11: style.scss - `6-styled-components/601-general-components/_widget.scss` file not found for @import: /Users/jaap/Dropbox/FANAGALO/Local Sites/eiklinde/app/public/wp-content/themes/eiklinde-fngl-2021/scss/style.scss on line 98, at column 1
11/18/20 4:55:11: even-geen-editor.scss - `6-styled-components/601-general-components/_widget.scss` file not found for @import: /Users/jaap/Dropbox/FANAGALO/Local Sites/eiklinde/app/public/wp-content/themes/eiklinde-fngl-2021/scss/even-geen-editor.scss on line 32, at column 5
11/18/20 4:56:13: style.scss - `6-styled-components/601-general-components/_widget.scss` file not found for @import: /Users/jaap/Dropbox/FANAGALO/Local Sites/eiklinde/app/public/wp-content/themes/eiklinde-fngl-2021/scss/style.scss on line 98, at column 1
11/18/20 4:56:13: even-geen-editor.scss - `6-styled-components/601-general-components/_widget.scss` file not found for @import: /Users/jaap/Dropbox/FANAGALO/Local Sites/eiklinde/app/public/wp-content/themes/eiklinde-fngl-2021/scss/even-geen-editor.scss on line 32, at column 5
11/18/20 4:57:13: style.scss - `6-styled-components/601-general-components/_widget.scss` file not found for @import: /Users/jaap/Dropbox/FANAGALO/Local Sites/eiklinde/app/public/wp-content/themes/eiklinde-fngl-2021/scss/style.scss on line 98, at column 1
11/18/20 4:57:13: even-geen-editor.scss - `6-styled-components/601-general-components/_widget.scss` file not found for @import: /Users/jaap/Dropbox/FANAGALO/Local Sites/eiklinde/app/public/wp-content/themes/eiklinde-fngl-2021/scss/even-geen-editor.scss on line 32, at column 5
11/18/20 4:59:13: style.scss - `6-styled-components/601-general-components/_widget.scss` file not found for @import: /Users/jaap/Dropbox/FANAGALO/Local Sites/eiklinde/app/public/wp-content/themes/eiklinde-fngl-2021/scss/style.scss on line 98, at column 1
11/18/20 4:59:13: even-geen-editor.scss - `6-styled-components/601-general-components/_widget.scss` file not found for @import: /Users/jaap/Dropbox/FANAGALO/Local Sites/eiklinde/app/public/wp-content/themes/eiklinde-fngl-2021/scss/even-geen-editor.scss on line 32, at column 5
11/20/20 1:30:47: style.scss - `6-styled-components/613-content-parts/_content-archive.scss` file not found for @import: /Users/jaap/Dropbox/FANAGALO/Local Sites/eiklinde/app/public/wp-content/themes/eiklinde-fngl-2021/scss/style.scss on line 137, at column 1
11/20/20 1:36:48: style.scss - parse error: failed at `<article class="archive-post"><?php if(has_post_thumbnail()) {` /Users/jaap/Dropbox/FANAGALO/Local Sites/eiklinde/app/public/wp-content/themes/eiklinde-fngl-2021/scss/6-styled-components/613-content-parts/_content-archive.scss on line 1, at column 0
11/21/20 3:01:37: style.scss - unclosed block: failed at `` /Users/jaap/Dropbox/FANAGALO/Local Sites/eiklinde/app/public/wp-content/themes/eiklinde-fngl-2021/scss/6-styled-components/601-general-components/_post-thumbnail.scss on line 61, at column 0
11/23/20 10:25:47: style.scss - parse error: failed at `height: 100% margin-bottom: 1rem;` /Users/jaap/Dropbox/FANAGALO/Local Sites/eiklinde/app/public/wp-content/themes/eiklinde-fngl-2021/scss/6-styled-components/601-general-components/_post-thumbnail.scss on line 9, at column 5
11/23/20 10:57:52: style.scss - `7-overrides/_alignments.scss` file not found for @import: /Users/jaap/Dropbox/FANAGALO/Local Sites/eiklinde/app/public/wp-content/themes/eiklinde-fngl-2021/scss/style.scss on line 243, at column 1
11/23/20 10:58:07: style.scss - `7-overrides/_alignments.scss` file not found for @import: /Users/jaap/Dropbox/FANAGALO/Local Sites/eiklinde/app/public/wp-content/themes/eiklinde-fngl-2021/scss/style.scss on line 243, at column 1
11/23/20 11:05:53: style.scss - unclosed block: failed at `` /Users/jaap/Dropbox/FANAGALO/Local Sites/eiklinde/app/public/wp-content/themes/eiklinde-fngl-2021/scss/6-styled-components/601-general-components/_post-thumbnail.scss on line 35, at column 0
11/23/20 11:05:54: style.scss - unclosed block: failed at `` /Users/jaap/Dropbox/FANAGALO/Local Sites/eiklinde/app/public/wp-content/themes/eiklinde-fngl-2021/scss/6-styled-components/601-general-components/_post-thumbnail.scss on line 35, at column 0
11/23/20 11:05:58: style.scss - unclosed block: failed at `` /Users/jaap/Dropbox/FANAGALO/Local Sites/eiklinde/app/public/wp-content/themes/eiklinde-fngl-2021/scss/6-styled-components/601-general-components/_post-thumbnail.scss on line 35, at column 0
11/23/20 11:05:59: style.scss - unclosed block: failed at `` /Users/jaap/Dropbox/FANAGALO/Local Sites/eiklinde/app/public/wp-content/themes/eiklinde-fngl-2021/scss/6-styled-components/601-general-components/_post-thumbnail.scss on line 35, at column 0
11/23/20 11:06:00: style.scss - unclosed block: failed at `` /Users/jaap/Dropbox/FANAGALO/Local Sites/eiklinde/app/public/wp-content/themes/eiklinde-fngl-2021/scss/6-styled-components/601-general-components/_post-thumbnail.scss on line 35, at column 0
11/23/20 11:06:10: style.scss - unclosed block: failed at `` /Users/jaap/Dropbox/FANAGALO/Local Sites/eiklinde/app/public/wp-content/themes/eiklinde-fngl-2021/scss/6-styled-components/601-general-components/_post-thumbnail.scss on line 35, at column 0
11/23/20 11:06:10: style.scss - unclosed block: failed at `` /Users/jaap/Dropbox/FANAGALO/Local Sites/eiklinde/app/public/wp-content/themes/eiklinde-fngl-2021/scss/6-styled-components/601-general-components/_post-thumbnail.scss on line 35, at column 0
11/23/20 11:06:55: style.scss - unclosed block: failed at `` /Users/jaap/Dropbox/FANAGALO/Local Sites/eiklinde/app/public/wp-content/themes/eiklinde-fngl-2021/scss/6-styled-components/601-general-components/_post-thumbnail.scss on line 35, at column 0
11/23/20 11:07:53: style.scss - unclosed block: failed at `` /Users/jaap/Dropbox/FANAGALO/Local Sites/eiklinde/app/public/wp-content/themes/eiklinde-fngl-2021/scss/6-styled-components/601-general-components/_post-thumbnail.scss on line 35, at column 0
11/23/20 11:08:55: style.scss - unclosed block: failed at `` /Users/jaap/Dropbox/FANAGALO/Local Sites/eiklinde/app/public/wp-content/themes/eiklinde-fngl-2021/scss/6-styled-components/601-general-components/_post-thumbnail.scss on line 35, at column 0
11/27/20 1:43:40: style.scss - parse error: failed at `/* deze` /Users/jaap/Dropbox/FANAGALO/Local Sites/eiklinde/app/public/wp-content/themes/eiklinde-fngl-2021/scss/6-styled-components/650-vendor/_the-events-calendar.scss on line 109, at column 1
07/27/21 8:44:34: style.scss - Undefined variable $primary-color: /Users/jaap/Dropbox/FANAGALO/Local Sites/eiklinde/app/public/wp-content/themes/eiklinde-fngl-2021/scss/6-styled-components/650-vendor/_events-manager.scss on line 32, at column 5
Call Stack:
#0 import /Users/jaap/Dropbox/FANAGALO/Local Sites/eiklinde/app/public/wp-content/themes/eiklinde-fngl-2021/scss/6-styled-components/650-vendor/_events-manager.scss /Users/jaap/Dropbox/FANAGALO/Local Sites/eiklinde/app/public/wp-content/themes/eiklinde-fngl-2021/scss/style.scss on line 231
07/27/21 8:44:40: style.scss - Undefined variable $primary-color: /Users/jaap/Dropbox/FANAGALO/Local Sites/eiklinde/app/public/wp-content/themes/eiklinde-fngl-2021/scss/6-styled-components/650-vendor/_events-manager.scss on line 32, at column 5
Call Stack:
#0 import /Users/jaap/Dropbox/FANAGALO/Local Sites/eiklinde/app/public/wp-content/themes/eiklinde-fngl-2021/scss/6-styled-components/650-vendor/_events-manager.scss /Users/jaap/Dropbox/FANAGALO/Local Sites/eiklinde/app/public/wp-content/themes/eiklinde-fngl-2021/scss/style.scss on line 231
07/27/21 8:44:50: style.scss - Undefined variable $primary-color: /Users/jaap/Dropbox/FANAGALO/Local Sites/eiklinde/app/public/wp-content/themes/eiklinde-fngl-2021/scss/6-styled-components/650-vendor/_events-manager.scss on line 32, at column 5
Call Stack:
#0 import /Users/jaap/Dropbox/FANAGALO/Local Sites/eiklinde/app/public/wp-content/themes/eiklinde-fngl-2021/scss/6-styled-components/650-vendor/_events-manager.scss /Users/jaap/Dropbox/FANAGALO/Local Sites/eiklinde/app/public/wp-content/themes/eiklinde-fngl-2021/scss/style.scss on line 231
07/27/21 8:44:51: style.scss - Undefined variable $primary-color: /Users/jaap/Dropbox/FANAGALO/Local Sites/eiklinde/app/public/wp-content/themes/eiklinde-fngl-2021/scss/6-styled-components/650-vendor/_events-manager.scss on line 32, at column 5
Call Stack:
#0 import /Users/jaap/Dropbox/FANAGALO/Local Sites/eiklinde/app/public/wp-content/themes/eiklinde-fngl-2021/scss/6-styled-components/650-vendor/_events-manager.scss /Users/jaap/Dropbox/FANAGALO/Local Sites/eiklinde/app/public/wp-content/themes/eiklinde-fngl-2021/scss/style.scss on line 231
